非終結語詞在文法中無用

    binary_op


未在文法中使用終結語詞

    COMMA
    QUOTA
    RETURN
    TRUE
    FALSE
    CONTINUE
    BREAK
    VOID


規則在文法中無用

   96 binary_op: OR
   97          | AND
   98          | cmp_op
   99          | add_op
  100          | mul_op


狀態 11 衝突：5 項偏移/縮減


文法

    0 $accept: Program $end

    1 Program: StatementList

    2 Type: TypeName

    3 TypeName: INT
    4         | FLOAT
    5         | STRING
    6         | BOOL

    7 Expression: Expression OR AA
    8           | AA

    9 AA: AA AND BB
   10   | BB

   11 BB: BB cmp_op CC
   12   | CC

   13 CC: CC add_op DD
   14   | DD

   15 DD: DD mul_op EE
   16   | EE

   17 EE: UnaryExpr

   18 UnaryExpr: PrimaryExpr
   19          | unary_op UnaryExpr

   20 cmp_op: EQL
   21       | NEQ
   22       | '<'
   23       | LEQ
   24       | '>'
   25       | GEQ

   26 add_op: '+'
   27       | '-'

   28 mul_op: '*'
   29       | '/'
   30       | '%'

   31 unary_op: '+'
   32         | '-'
   33         | '!'

   34 PrimaryExpr: Operand
   35            | IndexExpr
   36            | ConversionExpr

   37 Operand: Literal
   38        | IDENT
   39        | LPAREN Expression RPAREN

   40 Literal: INT_LIT
   41        | FLOAT_LIT
   42        | STRING_LIT
   43        | BOOL_LIT

   44 IndexExpr: PrimaryExpr LBRACK Expression RBRACK

   45 ConversionExpr: LPAREN Type RPAREN IDENT
   46               | LPAREN Type RPAREN Literal

   47 Statement: DeclarationStmt
   48          | AssignmetStmt
   49          | IncDecStmt
   50          | Block
   51          | IfStmt
   52          | WhileStmt
   53          | ForStmt
   54          | PrintStmt
   55          | ExpressionStmt

   56 ExpressionExpr: IDENT '+' IDENT
   57               | IDENT '-' IDENT
   58               | IDENT '*' IDENT
   59               | IDENT '/' IDENT
   60               | IDENT '%' IDENT

   61 ExpressionStmt: ExpressionExpr SEMICOLON

   62 $@1: %empty

   63 DeclarationStmt: Type IDENT $@1 '=' Expression SEMICOLON
   64                | Type IDENT SEMICOLON

   65 $@2: %empty

   66 DeclarationStmt: Type IDENT $@2 LBRACK Expression RBRACK SEMICOLON

   67 AssignmetExpr: Expression assign_op Expression

   68 AssignmetStmt: AssignmetExpr SEMICOLON

   69 assign_op: '='
   70          | ADD_ASSIGN
   71          | SUB_ASSIGN
   72          | MUL_ASSIGN
   73          | QUO_ASSIGN
   74          | REM_ASSIGN

   75 IncDecExpr: Expression INC
   76           | Expression DEC

   77 IncDecStmt: IncDecExpr SEMICOLON

   78 $@3: %empty

   79 $@4: %empty

   80 Block: LBRACE $@3 StatementList $@4 RBRACE

   81 StatementList: Statement StatementList
   82              | Statement

   83 IfStmt: IF Condition Block
   84       | IF Condition Block ELSE IfStmt
   85       | IF Condition Block ELSE Block

   86 Condition: Expression

   87 WhileStmt: WHILE LPAREN Condition RPAREN Block

   88 ForStmt: FOR LPAREN ForClause RPAREN Block

   89 ForClause: InitStmt SEMICOLON Condition SEMICOLON PostStmt

   90 InitStmt: SimpleExpr

   91 PostStmt: SimpleExpr

   92 SimpleExpr: AssignmetExpr
   93           | Expression
   94           | IncDecExpr

   95 PrintStmt: PRINT LPAREN Expression RPAREN SEMICOLON


終結語詞，附有它們出現處的規則

    $end (0) 0
    '!' (33) 33
    '%' (37) 30 60
    '*' (42) 28 58
    '+' (43) 26 31 56
    '-' (45) 27 32 57
    '/' (47) 29 59
    '<' (60) 22
    '=' (61) 63 69
    '>' (62) 24
    error (256)
    INT (258) 3
    FLOAT (259) 4
    BOOL (260) 6
    STRING (261) 5
    SEMICOLON (262) 61 63 64 66 68 77 89 95
    INC (263) 75
    DEC (264) 76
    GEQ (265) 25
    LEQ (266) 23
    EQL (267) 20
    NEQ (268) 21
    ADD_ASSIGN (269) 70
    SUB_ASSIGN (270) 71
    MUL_ASSIGN (271) 72
    QUO_ASSIGN (272) 73
    REM_ASSIGN (273) 74
    AND (274) 9
    OR (275) 7
    LPAREN (276) 39 45 46 87 88 95
    RPAREN (277) 39 45 46 87 88 95
    LBRACK (278) 44 66
    RBRACK (279) 44 66
    LBRACE (280) 80
    RBRACE (281) 80
    COMMA (282)
    QUOTA (283)
    RETURN (284)
    IF (285) 83 84 85
    ELSE (286) 84 85
    FOR (287) 88
    WHILE (288) 87
    TRUE (289)
    FALSE (290)
    CONTINUE (291)
    BREAK (292)
    VOID (293)
    PRINT (294) 95
    IDENT <s_val> (295) 38 45 56 57 58 59 60 63 64 66
    INT_LIT <i_val> (296) 40
    FLOAT_LIT <f_val> (297) 41
    STRING_LIT <s_val> (298) 42
    BOOL_LIT <b_val> (299) 43


非終結語詞，附有它們出現處的規則

    $accept (54)
        於左側： 0
    Program (55)
        於左側： 1
        於右側： 0
    Type <s_val> (56)
        於左側： 2
        於右側： 45 46 63 64 66
    TypeName <s_val> (57)
        於左側： 3 4 5 6
        於右側： 2
    Expression <s_val> (58)
        於左側： 7 8
        於右側： 7 39 44 63 66 67 75 76 86 93 95
    AA <s_val> (59)
        於左側： 9 10
        於右側： 7 8 9
    BB <s_val> (60)
        於左側： 11 12
        於右側： 9 10 11
    CC <s_val> (61)
        於左側： 13 14
        於右側： 11 12 13
    DD <s_val> (62)
        於左側： 15 16
        於右側： 13 14 15
    EE <s_val> (63)
        於左側： 17
        於右側： 15 16
    UnaryExpr <s_val> (64)
        於左側： 18 19
        於右側： 17 19
    cmp_op <s_val> (65)
        於左側： 20 21 22 23 24 25
        於右側： 11
    add_op <s_val> (66)
        於左側： 26 27
        於右側： 13
    mul_op <s_val> (67)
        於左側： 28 29 30
        於右側： 15
    unary_op <s_val> (68)
        於左側： 31 32 33
        於右側： 19
    PrimaryExpr <s_val> (69)
        於左側： 34 35 36
        於右側： 18 44
    Operand <s_val> (70)
        於左側： 37 38 39
        於右側： 34
    Literal <s_val> (71)
        於左側： 40 41 42 43
        於右側： 37 46
    IndexExpr <s_val> (72)
        於左側： 44
        於右側： 35
    ConversionExpr <s_val> (73)
        於左側： 45 46
        於右側： 36
    Statement (74)
        於左側： 47 48 49 50 51 52 53 54 55
        於右側： 81 82
    ExpressionExpr <s_val> (75)
        於左側： 56 57 58 59 60
        於右側： 61
    ExpressionStmt (76)
        於左側： 61
        於右側： 55
    DeclarationStmt <s_val> (77)
        於左側： 63 64 66
        於右側： 47
    $@1 (78)
        於左側： 62
        於右側： 63
    $@2 (79)
        於左側： 65
        於右側： 66
    AssignmetExpr <s_val> (80)
        於左側： 67
        於右側： 68 92
    AssignmetStmt (81)
        於左側： 68
        於右側： 48
    assign_op <s_val> (82)
        於左側： 69 70 71 72 73 74
        於右側： 67
    IncDecExpr <s_val> (83)
        於左側： 75 76
        於右側： 77 94
    IncDecStmt (84)
        於左側： 77
        於右側： 49
    Block (85)
        於左側： 80
        於右側： 50 83 84 85 87 88
    $@3 (86)
        於左側： 78
        於右側： 80
    $@4 (87)
        於左側： 79
        於右側： 80
    StatementList (88)
        於左側： 81 82
        於右側： 1 80 81
    IfStmt (89)
        於左側： 83 84 85
        於右側： 51 84
    Condition (90)
        於左側： 86
        於右側： 83 84 85 87 89
    WhileStmt (91)
        於左側： 87
        於右側： 52
    ForStmt (92)
        於左側： 88
        於右側： 53
    ForClause (93)
        於左側： 89
        於右側： 88
    InitStmt (94)
        於左側： 90
        於右側： 89
    PostStmt (95)
        於左側： 91
        於右側： 89
    SimpleExpr (96)
        於左側： 92 93 94
        於右側： 90 91
    PrintStmt <s_val> (97)
        於左側： 95
        於右側： 54


狀態 0

    0 $accept: . Program $end

    INT         偏移，並進入狀態 1
    FLOAT       偏移，並進入狀態 2
    BOOL        偏移，並進入狀態 3
    STRING      偏移，並進入狀態 4
    LPAREN      偏移，並進入狀態 5
    LBRACE      偏移，並進入狀態 6
    IF          偏移，並進入狀態 7
    FOR         偏移，並進入狀態 8
    WHILE       偏移，並進入狀態 9
    PRINT       偏移，並進入狀態 10
    IDENT       偏移，並進入狀態 11
    INT_LIT     偏移，並進入狀態 12
    FLOAT_LIT   偏移，並進入狀態 13
    STRING_LIT  偏移，並進入狀態 14
    BOOL_LIT    偏移，並進入狀態 15
    '+'         偏移，並進入狀態 16
    '-'         偏移，並進入狀態 17
    '!'         偏移，並進入狀態 18

    Program          進入狀態 19
    Type             進入狀態 20
    TypeName         進入狀態 21
    Expression       進入狀態 22
    AA               進入狀態 23
    BB               進入狀態 24
    CC               進入狀態 25
    DD               進入狀態 26
    EE               進入狀態 27
    UnaryExpr        進入狀態 28
    unary_op         進入狀態 29
    PrimaryExpr      進入狀態 30
    Operand          進入狀態 31
    Literal          進入狀態 32
    IndexExpr        進入狀態 33
    ConversionExpr   進入狀態 34
    Statement        進入狀態 35
    ExpressionExpr   進入狀態 36
    ExpressionStmt   進入狀態 37
    DeclarationStmt  進入狀態 38
    AssignmetExpr    進入狀態 39
    AssignmetStmt    進入狀態 40
    IncDecExpr       進入狀態 41
    IncDecStmt       進入狀態 42
    Block            進入狀態 43
    StatementList    進入狀態 44
    IfStmt           進入狀態 45
    WhileStmt        進入狀態 46
    ForStmt          進入狀態 47
    PrintStmt        進入狀態 48


狀態 1

    3 TypeName: INT .

    $default  使用規則 3 以縮減 (TypeName)


狀態 2

    4 TypeName: FLOAT .

    $default  使用規則 4 以縮減 (TypeName)


狀態 3

    6 TypeName: BOOL .

    $default  使用規則 6 以縮減 (TypeName)


狀態 4

    5 TypeName: STRING .

    $default  使用規則 5 以縮減 (TypeName)


狀態 5

   39 Operand: LPAREN . Expression RPAREN
   45 ConversionExpr: LPAREN . Type RPAREN IDENT
   46               | LPAREN . Type RPAREN Literal

    INT         偏移，並進入狀態 1
    FLOAT       偏移，並進入狀態 2
    BOOL        偏移，並進入狀態 3
    STRING      偏移，並進入狀態 4
    LPAREN      偏移，並進入狀態 5
    IDENT       偏移，並進入狀態 49
    INT_LIT     偏移，並進入狀態 12
    FLOAT_LIT   偏移，並進入狀態 13
    STRING_LIT  偏移，並進入狀態 14
    BOOL_LIT    偏移，並進入狀態 15
    '+'         偏移，並進入狀態 16
    '-'         偏移，並進入狀態 17
    '!'         偏移，並進入狀態 18

    Type            進入狀態 50
    TypeName        進入狀態 21
    Expression      進入狀態 51
    AA              進入狀態 23
    BB              進入狀態 24
    CC              進入狀態 25
    DD              進入狀態 26
    EE              進入狀態 27
    UnaryExpr       進入狀態 28
    unary_op        進入狀態 29
    PrimaryExpr     進入狀態 30
    Operand         進入狀態 31
    Literal         進入狀態 32
    IndexExpr       進入狀態 33
    ConversionExpr  進入狀態 34


狀態 6

   80 Block: LBRACE . $@3 StatementList $@4 RBRACE

    $default  使用規則 78 以縮減 ($@3)

    $@3  進入狀態 52


狀態 7

   83 IfStmt: IF . Condition Block
   84       | IF . Condition Block ELSE IfStmt
   85       | IF . Condition Block ELSE Block

    LPAREN      偏移，並進入狀態 5
    IDENT       偏移，並進入狀態 49
    INT_LIT     偏移，並進入狀態 12
    FLOAT_LIT   偏移，並進入狀態 13
    STRING_LIT  偏移，並進入狀態 14
    BOOL_LIT    偏移，並進入狀態 15
    '+'         偏移，並進入狀態 16
    '-'         偏移，並進入狀態 17
    '!'         偏移，並進入狀態 18

    Expression      進入狀態 53
    AA              進入狀態 23
    BB              進入狀態 24
    CC              進入狀態 25
    DD              進入狀態 26
    EE              進入狀態 27
    UnaryExpr       進入狀態 28
    unary_op        進入狀態 29
    PrimaryExpr     進入狀態 30
    Operand         進入狀態 31
    Literal         進入狀態 32
    IndexExpr       進入狀態 33
    ConversionExpr  進入狀態 34
    Condition       進入狀態 54


狀態 8

   88 ForStmt: FOR . LPAREN ForClause RPAREN Block

    LPAREN  偏移，並進入狀態 55


狀態 9

   87 WhileStmt: WHILE . LPAREN Condition RPAREN Block

    LPAREN  偏移，並進入狀態 56


狀態 10

   95 PrintStmt: PRINT . LPAREN Expression RPAREN SEMICOLON

    LPAREN  偏移，並進入狀態 57


狀態 11

   38 Operand: IDENT .
   56 ExpressionExpr: IDENT . '+' IDENT
   57               | IDENT . '-' IDENT
   58               | IDENT . '*' IDENT
   59               | IDENT . '/' IDENT
   60               | IDENT . '%' IDENT

    '+'  偏移，並進入狀態 58
    '-'  偏移，並進入狀態 59
    '*'  偏移，並進入狀態 60
    '/'  偏移，並進入狀態 61
    '%'  偏移，並進入狀態 62

    '+'       [使用規則 38 以縮減 (Operand)]
    '-'       [使用規則 38 以縮減 (Operand)]
    '*'       [使用規則 38 以縮減 (Operand)]
    '/'       [使用規則 38 以縮減 (Operand)]
    '%'       [使用規則 38 以縮減 (Operand)]
    $default  使用規則 38 以縮減 (Operand)


狀態 12

   40 Literal: INT_LIT .

    $default  使用規則 40 以縮減 (Literal)


狀態 13

   41 Literal: FLOAT_LIT .

    $default  使用規則 41 以縮減 (Literal)


狀態 14

   42 Literal: STRING_LIT .

    $default  使用規則 42 以縮減 (Literal)


狀態 15

   43 Literal: BOOL_LIT .

    $default  使用規則 43 以縮減 (Literal)


狀態 16

   31 unary_op: '+' .

    $default  使用規則 31 以縮減 (unary_op)


狀態 17

   32 unary_op: '-' .

    $default  使用規則 32 以縮減 (unary_op)


狀態 18

   33 unary_op: '!' .

    $default  使用規則 33 以縮減 (unary_op)


狀態 19

    0 $accept: Program . $end

    $end  偏移，並進入狀態 63


狀態 20

   63 DeclarationStmt: Type . IDENT $@1 '=' Expression SEMICOLON
   64                | Type . IDENT SEMICOLON
   66                | Type . IDENT $@2 LBRACK Expression RBRACK SEMICOLON

    IDENT  偏移，並進入狀態 64


狀態 21

    2 Type: TypeName .

    $default  使用規則 2 以縮減 (Type)


狀態 22

    7 Expression: Expression . OR AA
   67 AssignmetExpr: Expression . assign_op Expression
   75 IncDecExpr: Expression . INC
   76           | Expression . DEC

    INC         偏移，並進入狀態 65
    DEC         偏移，並進入狀態 66
    ADD_ASSIGN  偏移，並進入狀態 67
    SUB_ASSIGN  偏移，並進入狀態 68
    MUL_ASSIGN  偏移，並進入狀態 69
    QUO_ASSIGN  偏移，並進入狀態 70
    REM_ASSIGN  偏移，並進入狀態 71
    OR          偏移，並進入狀態 72
    '='         偏移，並進入狀態 73

    assign_op  進入狀態 74


狀態 23

    8 Expression: AA .
    9 AA: AA . AND BB

    AND  偏移，並進入狀態 75

    $default  使用規則 8 以縮減 (Expression)


狀態 24

   10 AA: BB .
   11 BB: BB . cmp_op CC

    GEQ  偏移，並進入狀態 76
    LEQ  偏移，並進入狀態 77
    EQL  偏移，並進入狀態 78
    NEQ  偏移，並進入狀態 79
    '<'  偏移，並進入狀態 80
    '>'  偏移，並進入狀態 81

    $default  使用規則 10 以縮減 (AA)

    cmp_op  進入狀態 82


狀態 25

   12 BB: CC .
   13 CC: CC . add_op DD

    '+'  偏移，並進入狀態 83
    '-'  偏移，並進入狀態 84

    $default  使用規則 12 以縮減 (BB)

    add_op  進入狀態 85


狀態 26

   14 CC: DD .
   15 DD: DD . mul_op EE

    '*'  偏移，並進入狀態 86
    '/'  偏移，並進入狀態 87
    '%'  偏移，並進入狀態 88

    $default  使用規則 14 以縮減 (CC)

    mul_op  進入狀態 89


狀態 27

   16 DD: EE .

    $default  使用規則 16 以縮減 (DD)


狀態 28

   17 EE: UnaryExpr .

    $default  使用規則 17 以縮減 (EE)


狀態 29

   19 UnaryExpr: unary_op . UnaryExpr

    LPAREN      偏移，並進入狀態 5
    IDENT       偏移，並進入狀態 49
    INT_LIT     偏移，並進入狀態 12
    FLOAT_LIT   偏移，並進入狀態 13
    STRING_LIT  偏移，並進入狀態 14
    BOOL_LIT    偏移，並進入狀態 15
    '+'         偏移，並進入狀態 16
    '-'         偏移，並進入狀態 17
    '!'         偏移，並進入狀態 18

    UnaryExpr       進入狀態 90
    unary_op        進入狀態 29
    PrimaryExpr     進入狀態 30
    Operand         進入狀態 31
    Literal         進入狀態 32
    IndexExpr       進入狀態 33
    ConversionExpr  進入狀態 34


狀態 30

   18 UnaryExpr: PrimaryExpr .
   44 IndexExpr: PrimaryExpr . LBRACK Expression RBRACK

    LBRACK  偏移，並進入狀態 91

    $default  使用規則 18 以縮減 (UnaryExpr)


狀態 31

   34 PrimaryExpr: Operand .

    $default  使用規則 34 以縮減 (PrimaryExpr)


狀態 32

   37 Operand: Literal .

    $default  使用規則 37 以縮減 (Operand)


狀態 33

   35 PrimaryExpr: IndexExpr .

    $default  使用規則 35 以縮減 (PrimaryExpr)


狀態 34

   36 PrimaryExpr: ConversionExpr .

    $default  使用規則 36 以縮減 (PrimaryExpr)


狀態 35

   81 StatementList: Statement . StatementList
   82              | Statement .

    INT         偏移，並進入狀態 1
    FLOAT       偏移，並進入狀態 2
    BOOL        偏移，並進入狀態 3
    STRING      偏移，並進入狀態 4
    LPAREN      偏移，並進入狀態 5
    LBRACE      偏移，並進入狀態 6
    IF          偏移，並進入狀態 7
    FOR         偏移，並進入狀態 8
    WHILE       偏移，並進入狀態 9
    PRINT       偏移，並進入狀態 10
    IDENT       偏移，並進入狀態 11
    INT_LIT     偏移，並進入狀態 12
    FLOAT_LIT   偏移，並進入狀態 13
    STRING_LIT  偏移，並進入狀態 14
    BOOL_LIT    偏移，並進入狀態 15
    '+'         偏移，並進入狀態 16
    '-'         偏移，並進入狀態 17
    '!'         偏移，並進入狀態 18

    $default  使用規則 82 以縮減 (StatementList)

    Type             進入狀態 20
    TypeName         進入狀態 21
    Expression       進入狀態 22
    AA               進入狀態 23
    BB               進入狀態 24
    CC               進入狀態 25
    DD               進入狀態 26
    EE               進入狀態 27
    UnaryExpr        進入狀態 28
    unary_op         進入狀態 29
    PrimaryExpr      進入狀態 30
    Operand          進入狀態 31
    Literal          進入狀態 32
    IndexExpr        進入狀態 33
    ConversionExpr   進入狀態 34
    Statement        進入狀態 35
    ExpressionExpr   進入狀態 36
    ExpressionStmt   進入狀態 37
    DeclarationStmt  進入狀態 38
    AssignmetExpr    進入狀態 39
    AssignmetStmt    進入狀態 40
    IncDecExpr       進入狀態 41
    IncDecStmt       進入狀態 42
    Block            進入狀態 43
    StatementList    進入狀態 92
    IfStmt           進入狀態 45
    WhileStmt        進入狀態 46
    ForStmt          進入狀態 47
    PrintStmt        進入狀態 48


狀態 36

   61 ExpressionStmt: ExpressionExpr . SEMICOLON

    SEMICOLON  偏移，並進入狀態 93


狀態 37

   55 Statement: ExpressionStmt .

    $default  使用規則 55 以縮減 (Statement)


狀態 38

   47 Statement: DeclarationStmt .

    $default  使用規則 47 以縮減 (Statement)


狀態 39

   68 AssignmetStmt: AssignmetExpr . SEMICOLON

    SEMICOLON  偏移，並進入狀態 94


狀態 40

   48 Statement: AssignmetStmt .

    $default  使用規則 48 以縮減 (Statement)


狀態 41

   77 IncDecStmt: IncDecExpr . SEMICOLON

    SEMICOLON  偏移，並進入狀態 95


狀態 42

   49 Statement: IncDecStmt .

    $default  使用規則 49 以縮減 (Statement)


狀態 43

   50 Statement: Block .

    $default  使用規則 50 以縮減 (Statement)


狀態 44

    1 Program: StatementList .

    $default  使用規則 1 以縮減 (Program)


狀態 45

   51 Statement: IfStmt .

    $default  使用規則 51 以縮減 (Statement)


狀態 46

   52 Statement: WhileStmt .

    $default  使用規則 52 以縮減 (Statement)


狀態 47

   53 Statement: ForStmt .

    $default  使用規則 53 以縮減 (Statement)


狀態 48

   54 Statement: PrintStmt .

    $default  使用規則 54 以縮減 (Statement)


狀態 49

   38 Operand: IDENT .

    $default  使用規則 38 以縮減 (Operand)


狀態 50

   45 ConversionExpr: LPAREN Type . RPAREN IDENT
   46               | LPAREN Type . RPAREN Literal

    RPAREN  偏移，並進入狀態 96


狀態 51

    7 Expression: Expression . OR AA
   39 Operand: LPAREN Expression . RPAREN

    OR      偏移，並進入狀態 72
    RPAREN  偏移，並進入狀態 97


狀態 52

   80 Block: LBRACE $@3 . StatementList $@4 RBRACE

    INT         偏移，並進入狀態 1
    FLOAT       偏移，並進入狀態 2
    BOOL        偏移，並進入狀態 3
    STRING      偏移，並進入狀態 4
    LPAREN      偏移，並進入狀態 5
    LBRACE      偏移，並進入狀態 6
    IF          偏移，並進入狀態 7
    FOR         偏移，並進入狀態 8
    WHILE       偏移，並進入狀態 9
    PRINT       偏移，並進入狀態 10
    IDENT       偏移，並進入狀態 11
    INT_LIT     偏移，並進入狀態 12
    FLOAT_LIT   偏移，並進入狀態 13
    STRING_LIT  偏移，並進入狀態 14
    BOOL_LIT    偏移，並進入狀態 15
    '+'         偏移，並進入狀態 16
    '-'         偏移，並進入狀態 17
    '!'         偏移，並進入狀態 18

    Type             進入狀態 20
    TypeName         進入狀態 21
    Expression       進入狀態 22
    AA               進入狀態 23
    BB               進入狀態 24
    CC               進入狀態 25
    DD               進入狀態 26
    EE               進入狀態 27
    UnaryExpr        進入狀態 28
    unary_op         進入狀態 29
    PrimaryExpr      進入狀態 30
    Operand          進入狀態 31
    Literal          進入狀態 32
    IndexExpr        進入狀態 33
    ConversionExpr   進入狀態 34
    Statement        進入狀態 35
    ExpressionExpr   進入狀態 36
    ExpressionStmt   進入狀態 37
    DeclarationStmt  進入狀態 38
    AssignmetExpr    進入狀態 39
    AssignmetStmt    進入狀態 40
    IncDecExpr       進入狀態 41
    IncDecStmt       進入狀態 42
    Block            進入狀態 43
    StatementList    進入狀態 98
    IfStmt           進入狀態 45
    WhileStmt        進入狀態 46
    ForStmt          進入狀態 47
    PrintStmt        進入狀態 48


狀態 53

    7 Expression: Expression . OR AA
   86 Condition: Expression .

    OR  偏移，並進入狀態 72

    $default  使用規則 86 以縮減 (Condition)


狀態 54

   83 IfStmt: IF Condition . Block
   84       | IF Condition . Block ELSE IfStmt
   85       | IF Condition . Block ELSE Block

    LBRACE  偏移，並進入狀態 6

    Block  進入狀態 99


狀態 55

   88 ForStmt: FOR LPAREN . ForClause RPAREN Block

    LPAREN      偏移，並進入狀態 5
    IDENT       偏移，並進入狀態 49
    INT_LIT     偏移，並進入狀態 12
    FLOAT_LIT   偏移，並進入狀態 13
    STRING_LIT  偏移，並進入狀態 14
    BOOL_LIT    偏移，並進入狀態 15
    '+'         偏移，並進入狀態 16
    '-'         偏移，並進入狀態 17
    '!'         偏移，並進入狀態 18

    Expression      進入狀態 100
    AA              進入狀態 23
    BB              進入狀態 24
    CC              進入狀態 25
    DD              進入狀態 26
    EE              進入狀態 27
    UnaryExpr       進入狀態 28
    unary_op        進入狀態 29
    PrimaryExpr     進入狀態 30
    Operand         進入狀態 31
    Literal         進入狀態 32
    IndexExpr       進入狀態 33
    ConversionExpr  進入狀態 34
    AssignmetExpr   進入狀態 101
    IncDecExpr      進入狀態 102
    ForClause       進入狀態 103
    InitStmt        進入狀態 104
    SimpleExpr      進入狀態 105


狀態 56

   87 WhileStmt: WHILE LPAREN . Condition RPAREN Block

    LPAREN      偏移，並進入狀態 5
    IDENT       偏移，並進入狀態 49
    INT_LIT     偏移，並進入狀態 12
    FLOAT_LIT   偏移，並進入狀態 13
    STRING_LIT  偏移，並進入狀態 14
    BOOL_LIT    偏移，並進入狀態 15
    '+'         偏移，並進入狀態 16
    '-'         偏移，並進入狀態 17
    '!'         偏移，並進入狀態 18

    Expression      進入狀態 53
    AA              進入狀態 23
    BB              進入狀態 24
    CC              進入狀態 25
    DD              進入狀態 26
    EE              進入狀態 27
    UnaryExpr       進入狀態 28
    unary_op        進入狀態 29
    PrimaryExpr     進入狀態 30
    Operand         進入狀態 31
    Literal         進入狀態 32
    IndexExpr       進入狀態 33
    ConversionExpr  進入狀態 34
    Condition       進入狀態 106


狀態 57

   95 PrintStmt: PRINT LPAREN . Expression RPAREN SEMICOLON

    LPAREN      偏移，並進入狀態 5
    IDENT       偏移，並進入狀態 49
    INT_LIT     偏移，並進入狀態 12
    FLOAT_LIT   偏移，並進入狀態 13
    STRING_LIT  偏移，並進入狀態 14
    BOOL_LIT    偏移，並進入狀態 15
    '+'         偏移，並進入狀態 16
    '-'         偏移，並進入狀態 17
    '!'         偏移，並進入狀態 18

    Expression      進入狀態 107
    AA              進入狀態 23
    BB              進入狀態 24
    CC              進入狀態 25
    DD              進入狀態 26
    EE              進入狀態 27
    UnaryExpr       進入狀態 28
    unary_op        進入狀態 29
    PrimaryExpr     進入狀態 30
    Operand         進入狀態 31
    Literal         進入狀態 32
    IndexExpr       進入狀態 33
    ConversionExpr  進入狀態 34


狀態 58

   56 ExpressionExpr: IDENT '+' . IDENT

    IDENT  偏移，並進入狀態 108


狀態 59

   57 ExpressionExpr: IDENT '-' . IDENT

    IDENT  偏移，並進入狀態 109


狀態 60

   58 ExpressionExpr: IDENT '*' . IDENT

    IDENT  偏移，並進入狀態 110


狀態 61

   59 ExpressionExpr: IDENT '/' . IDENT

    IDENT  偏移，並進入狀態 111


狀態 62

   60 ExpressionExpr: IDENT '%' . IDENT

    IDENT  偏移，並進入狀態 112


狀態 63

    0 $accept: Program $end .

    $default  接受


狀態 64

   63 DeclarationStmt: Type IDENT . $@1 '=' Expression SEMICOLON
   64                | Type IDENT . SEMICOLON
   66                | Type IDENT . $@2 LBRACK Expression RBRACK SEMICOLON

    SEMICOLON  偏移，並進入狀態 113

    LBRACK    使用規則 65 以縮減 ($@2)
    $default  使用規則 62 以縮減 ($@1)

    $@1  進入狀態 114
    $@2  進入狀態 115


狀態 65

   75 IncDecExpr: Expression INC .

    $default  使用規則 75 以縮減 (IncDecExpr)


狀態 66

   76 IncDecExpr: Expression DEC .

    $default  使用規則 76 以縮減 (IncDecExpr)


狀態 67

   70 assign_op: ADD_ASSIGN .

    $default  使用規則 70 以縮減 (assign_op)


狀態 68

   71 assign_op: SUB_ASSIGN .

    $default  使用規則 71 以縮減 (assign_op)


狀態 69

   72 assign_op: MUL_ASSIGN .

    $default  使用規則 72 以縮減 (assign_op)


狀態 70

   73 assign_op: QUO_ASSIGN .

    $default  使用規則 73 以縮減 (assign_op)


狀態 71

   74 assign_op: REM_ASSIGN .

    $default  使用規則 74 以縮減 (assign_op)


狀態 72

    7 Expression: Expression OR . AA

    LPAREN      偏移，並進入狀態 5
    IDENT       偏移，並進入狀態 49
    INT_LIT     偏移，並進入狀態 12
    FLOAT_LIT   偏移，並進入狀態 13
    STRING_LIT  偏移，並進入狀態 14
    BOOL_LIT    偏移，並進入狀態 15
    '+'         偏移，並進入狀態 16
    '-'         偏移，並進入狀態 17
    '!'         偏移，並進入狀態 18

    AA              進入狀態 116
    BB              進入狀態 24
    CC              進入狀態 25
    DD              進入狀態 26
    EE              進入狀態 27
    UnaryExpr       進入狀態 28
    unary_op        進入狀態 29
    PrimaryExpr     進入狀態 30
    Operand         進入狀態 31
    Literal         進入狀態 32
    IndexExpr       進入狀態 33
    ConversionExpr  進入狀態 34


狀態 73

   69 assign_op: '=' .

    $default  使用規則 69 以縮減 (assign_op)


狀態 74

   67 AssignmetExpr: Expression assign_op . Expression

    LPAREN      偏移，並進入狀態 5
    IDENT       偏移，並進入狀態 49
    INT_LIT     偏移，並進入狀態 12
    FLOAT_LIT   偏移，並進入狀態 13
    STRING_LIT  偏移，並進入狀態 14
    BOOL_LIT    偏移，並進入狀態 15
    '+'         偏移，並進入狀態 16
    '-'         偏移，並進入狀態 17
    '!'         偏移，並進入狀態 18

    Expression      進入狀態 117
    AA              進入狀態 23
    BB              進入狀態 24
    CC              進入狀態 25
    DD              進入狀態 26
    EE              進入狀態 27
    UnaryExpr       進入狀態 28
    unary_op        進入狀態 29
    PrimaryExpr     進入狀態 30
    Operand         進入狀態 31
    Literal         進入狀態 32
    IndexExpr       進入狀態 33
    ConversionExpr  進入狀態 34


狀態 75

    9 AA: AA AND . BB

    LPAREN      偏移，並進入狀態 5
    IDENT       偏移，並進入狀態 49
    INT_LIT     偏移，並進入狀態 12
    FLOAT_LIT   偏移，並進入狀態 13
    STRING_LIT  偏移，並進入狀態 14
    BOOL_LIT    偏移，並進入狀態 15
    '+'         偏移，並進入狀態 16
    '-'         偏移，並進入狀態 17
    '!'         偏移，並進入狀態 18

    BB              進入狀態 118
    CC              進入狀態 25
    DD              進入狀態 26
    EE              進入狀態 27
    UnaryExpr       進入狀態 28
    unary_op        進入狀態 29
    PrimaryExpr     進入狀態 30
    Operand         進入狀態 31
    Literal         進入狀態 32
    IndexExpr       進入狀態 33
    ConversionExpr  進入狀態 34


狀態 76

   25 cmp_op: GEQ .

    $default  使用規則 25 以縮減 (cmp_op)


狀態 77

   23 cmp_op: LEQ .

    $default  使用規則 23 以縮減 (cmp_op)


狀態 78

   20 cmp_op: EQL .

    $default  使用規則 20 以縮減 (cmp_op)


狀態 79

   21 cmp_op: NEQ .

    $default  使用規則 21 以縮減 (cmp_op)


狀態 80

   22 cmp_op: '<' .

    $default  使用規則 22 以縮減 (cmp_op)


狀態 81

   24 cmp_op: '>' .

    $default  使用規則 24 以縮減 (cmp_op)


狀態 82

   11 BB: BB cmp_op . CC

    LPAREN      偏移，並進入狀態 5
    IDENT       偏移，並進入狀態 49
    INT_LIT     偏移，並進入狀態 12
    FLOAT_LIT   偏移，並進入狀態 13
    STRING_LIT  偏移，並進入狀態 14
    BOOL_LIT    偏移，並進入狀態 15
    '+'         偏移，並進入狀態 16
    '-'         偏移，並進入狀態 17
    '!'         偏移，並進入狀態 18

    CC              進入狀態 119
    DD              進入狀態 26
    EE              進入狀態 27
    UnaryExpr       進入狀態 28
    unary_op        進入狀態 29
    PrimaryExpr     進入狀態 30
    Operand         進入狀態 31
    Literal         進入狀態 32
    IndexExpr       進入狀態 33
    ConversionExpr  進入狀態 34


狀態 83

   26 add_op: '+' .

    $default  使用規則 26 以縮減 (add_op)


狀態 84

   27 add_op: '-' .

    $default  使用規則 27 以縮減 (add_op)


狀態 85

   13 CC: CC add_op . DD

    LPAREN      偏移，並進入狀態 5
    IDENT       偏移，並進入狀態 49
    INT_LIT     偏移，並進入狀態 12
    FLOAT_LIT   偏移，並進入狀態 13
    STRING_LIT  偏移，並進入狀態 14
    BOOL_LIT    偏移，並進入狀態 15
    '+'         偏移，並進入狀態 16
    '-'         偏移，並進入狀態 17
    '!'         偏移，並進入狀態 18

    DD              進入狀態 120
    EE              進入狀態 27
    UnaryExpr       進入狀態 28
    unary_op        進入狀態 29
    PrimaryExpr     進入狀態 30
    Operand         進入狀態 31
    Literal         進入狀態 32
    IndexExpr       進入狀態 33
    ConversionExpr  進入狀態 34


狀態 86

   28 mul_op: '*' .

    $default  使用規則 28 以縮減 (mul_op)


狀態 87

   29 mul_op: '/' .

    $default  使用規則 29 以縮減 (mul_op)


狀態 88

   30 mul_op: '%' .

    $default  使用規則 30 以縮減 (mul_op)


狀態 89

   15 DD: DD mul_op . EE

    LPAREN      偏移，並進入狀態 5
    IDENT       偏移，並進入狀態 49
    INT_LIT     偏移，並進入狀態 12
    FLOAT_LIT   偏移，並進入狀態 13
    STRING_LIT  偏移，並進入狀態 14
    BOOL_LIT    偏移，並進入狀態 15
    '+'         偏移，並進入狀態 16
    '-'         偏移，並進入狀態 17
    '!'         偏移，並進入狀態 18

    EE              進入狀態 121
    UnaryExpr       進入狀態 28
    unary_op        進入狀態 29
    PrimaryExpr     進入狀態 30
    Operand         進入狀態 31
    Literal         進入狀態 32
    IndexExpr       進入狀態 33
    ConversionExpr  進入狀態 34


狀態 90

   19 UnaryExpr: unary_op UnaryExpr .

    $default  使用規則 19 以縮減 (UnaryExpr)


狀態 91

   44 IndexExpr: PrimaryExpr LBRACK . Expression RBRACK

    LPAREN      偏移，並進入狀態 5
    IDENT       偏移，並進入狀態 49
    INT_LIT     偏移，並進入狀態 12
    FLOAT_LIT   偏移，並進入狀態 13
    STRING_LIT  偏移，並進入狀態 14
    BOOL_LIT    偏移，並進入狀態 15
    '+'         偏移，並進入狀態 16
    '-'         偏移，並進入狀態 17
    '!'         偏移，並進入狀態 18

    Expression      進入狀態 122
    AA              進入狀態 23
    BB              進入狀態 24
    CC              進入狀態 25
    DD              進入狀態 26
    EE              進入狀態 27
    UnaryExpr       進入狀態 28
    unary_op        進入狀態 29
    PrimaryExpr     進入狀態 30
    Operand         進入狀態 31
    Literal         進入狀態 32
    IndexExpr       進入狀態 33
    ConversionExpr  進入狀態 34


狀態 92

   81 StatementList: Statement StatementList .

    $default  使用規則 81 以縮減 (StatementList)


狀態 93

   61 ExpressionStmt: ExpressionExpr SEMICOLON .

    $default  使用規則 61 以縮減 (ExpressionStmt)


狀態 94

   68 AssignmetStmt: AssignmetExpr SEMICOLON .

    $default  使用規則 68 以縮減 (AssignmetStmt)


狀態 95

   77 IncDecStmt: IncDecExpr SEMICOLON .

    $default  使用規則 77 以縮減 (IncDecStmt)


狀態 96

   45 ConversionExpr: LPAREN Type RPAREN . IDENT
   46               | LPAREN Type RPAREN . Literal

    IDENT       偏移，並進入狀態 123
    INT_LIT     偏移，並進入狀態 12
    FLOAT_LIT   偏移，並進入狀態 13
    STRING_LIT  偏移，並進入狀態 14
    BOOL_LIT    偏移，並進入狀態 15

    Literal  進入狀態 124


狀態 97

   39 Operand: LPAREN Expression RPAREN .

    $default  使用規則 39 以縮減 (Operand)


狀態 98

   80 Block: LBRACE $@3 StatementList . $@4 RBRACE

    $default  使用規則 79 以縮減 ($@4)

    $@4  進入狀態 125


狀態 99

   83 IfStmt: IF Condition Block .
   84       | IF Condition Block . ELSE IfStmt
   85       | IF Condition Block . ELSE Block

    ELSE  偏移，並進入狀態 126

    $default  使用規則 83 以縮減 (IfStmt)


狀態 100

    7 Expression: Expression . OR AA
   67 AssignmetExpr: Expression . assign_op Expression
   75 IncDecExpr: Expression . INC
   76           | Expression . DEC
   93 SimpleExpr: Expression .

    INC         偏移，並進入狀態 65
    DEC         偏移，並進入狀態 66
    ADD_ASSIGN  偏移，並進入狀態 67
    SUB_ASSIGN  偏移，並進入狀態 68
    MUL_ASSIGN  偏移，並進入狀態 69
    QUO_ASSIGN  偏移，並進入狀態 70
    REM_ASSIGN  偏移，並進入狀態 71
    OR          偏移，並進入狀態 72
    '='         偏移，並進入狀態 73

    $default  使用規則 93 以縮減 (SimpleExpr)

    assign_op  進入狀態 74


狀態 101

   92 SimpleExpr: AssignmetExpr .

    $default  使用規則 92 以縮減 (SimpleExpr)


狀態 102

   94 SimpleExpr: IncDecExpr .

    $default  使用規則 94 以縮減 (SimpleExpr)


狀態 103

   88 ForStmt: FOR LPAREN ForClause . RPAREN Block

    RPAREN  偏移，並進入狀態 127


狀態 104

   89 ForClause: InitStmt . SEMICOLON Condition SEMICOLON PostStmt

    SEMICOLON  偏移，並進入狀態 128


狀態 105

   90 InitStmt: SimpleExpr .

    $default  使用規則 90 以縮減 (InitStmt)


狀態 106

   87 WhileStmt: WHILE LPAREN Condition . RPAREN Block

    RPAREN  偏移，並進入狀態 129


狀態 107

    7 Expression: Expression . OR AA
   95 PrintStmt: PRINT LPAREN Expression . RPAREN SEMICOLON

    OR      偏移，並進入狀態 72
    RPAREN  偏移，並進入狀態 130


狀態 108

   56 ExpressionExpr: IDENT '+' IDENT .

    $default  使用規則 56 以縮減 (ExpressionExpr)


狀態 109

   57 ExpressionExpr: IDENT '-' IDENT .

    $default  使用規則 57 以縮減 (ExpressionExpr)


狀態 110

   58 ExpressionExpr: IDENT '*' IDENT .

    $default  使用規則 58 以縮減 (ExpressionExpr)


狀態 111

   59 ExpressionExpr: IDENT '/' IDENT .

    $default  使用規則 59 以縮減 (ExpressionExpr)


狀態 112

   60 ExpressionExpr: IDENT '%' IDENT .

    $default  使用規則 60 以縮減 (ExpressionExpr)


狀態 113

   64 DeclarationStmt: Type IDENT SEMICOLON .

    $default  使用規則 64 以縮減 (DeclarationStmt)


狀態 114

   63 DeclarationStmt: Type IDENT $@1 . '=' Expression SEMICOLON

    '='  偏移，並進入狀態 131


狀態 115

   66 DeclarationStmt: Type IDENT $@2 . LBRACK Expression RBRACK SEMICOLON

    LBRACK  偏移，並進入狀態 132


狀態 116

    7 Expression: Expression OR AA .
    9 AA: AA . AND BB

    AND  偏移，並進入狀態 75

    $default  使用規則 7 以縮減 (Expression)


狀態 117

    7 Expression: Expression . OR AA
   67 AssignmetExpr: Expression assign_op Expression .

    OR  偏移，並進入狀態 72

    $default  使用規則 67 以縮減 (AssignmetExpr)


狀態 118

    9 AA: AA AND BB .
   11 BB: BB . cmp_op CC

    GEQ  偏移，並進入狀態 76
    LEQ  偏移，並進入狀態 77
    EQL  偏移，並進入狀態 78
    NEQ  偏移，並進入狀態 79
    '<'  偏移，並進入狀態 80
    '>'  偏移，並進入狀態 81

    $default  使用規則 9 以縮減 (AA)

    cmp_op  進入狀態 82


狀態 119

   11 BB: BB cmp_op CC .
   13 CC: CC . add_op DD

    '+'  偏移，並進入狀態 83
    '-'  偏移，並進入狀態 84

    $default  使用規則 11 以縮減 (BB)

    add_op  進入狀態 85


狀態 120

   13 CC: CC add_op DD .
   15 DD: DD . mul_op EE

    '*'  偏移，並進入狀態 86
    '/'  偏移，並進入狀態 87
    '%'  偏移，並進入狀態 88

    $default  使用規則 13 以縮減 (CC)

    mul_op  進入狀態 89


狀態 121

   15 DD: DD mul_op EE .

    $default  使用規則 15 以縮減 (DD)


狀態 122

    7 Expression: Expression . OR AA
   44 IndexExpr: PrimaryExpr LBRACK Expression . RBRACK

    OR      偏移，並進入狀態 72
    RBRACK  偏移，並進入狀態 133


狀態 123

   45 ConversionExpr: LPAREN Type RPAREN IDENT .

    $default  使用規則 45 以縮減 (ConversionExpr)


狀態 124

   46 ConversionExpr: LPAREN Type RPAREN Literal .

    $default  使用規則 46 以縮減 (ConversionExpr)


狀態 125

   80 Block: LBRACE $@3 StatementList $@4 . RBRACE

    RBRACE  偏移，並進入狀態 134


狀態 126

   84 IfStmt: IF Condition Block ELSE . IfStmt
   85       | IF Condition Block ELSE . Block

    LBRACE  偏移，並進入狀態 6
    IF      偏移，並進入狀態 7

    Block   進入狀態 135
    IfStmt  進入狀態 136


狀態 127

   88 ForStmt: FOR LPAREN ForClause RPAREN . Block

    LBRACE  偏移，並進入狀態 6

    Block  進入狀態 137


狀態 128

   89 ForClause: InitStmt SEMICOLON . Condition SEMICOLON PostStmt

    LPAREN      偏移，並進入狀態 5
    IDENT       偏移，並進入狀態 49
    INT_LIT     偏移，並進入狀態 12
    FLOAT_LIT   偏移，並進入狀態 13
    STRING_LIT  偏移，並進入狀態 14
    BOOL_LIT    偏移，並進入狀態 15
    '+'         偏移，並進入狀態 16
    '-'         偏移，並進入狀態 17
    '!'         偏移，並進入狀態 18

    Expression      進入狀態 53
    AA              進入狀態 23
    BB              進入狀態 24
    CC              進入狀態 25
    DD              進入狀態 26
    EE              進入狀態 27
    UnaryExpr       進入狀態 28
    unary_op        進入狀態 29
    PrimaryExpr     進入狀態 30
    Operand         進入狀態 31
    Literal         進入狀態 32
    IndexExpr       進入狀態 33
    ConversionExpr  進入狀態 34
    Condition       進入狀態 138


狀態 129

   87 WhileStmt: WHILE LPAREN Condition RPAREN . Block

    LBRACE  偏移，並進入狀態 6

    Block  進入狀態 139


狀態 130

   95 PrintStmt: PRINT LPAREN Expression RPAREN . SEMICOLON

    SEMICOLON  偏移，並進入狀態 140


狀態 131

   63 DeclarationStmt: Type IDENT $@1 '=' . Expression SEMICOLON

    LPAREN      偏移，並進入狀態 5
    IDENT       偏移，並進入狀態 49
    INT_LIT     偏移，並進入狀態 12
    FLOAT_LIT   偏移，並進入狀態 13
    STRING_LIT  偏移，並進入狀態 14
    BOOL_LIT    偏移，並進入狀態 15
    '+'         偏移，並進入狀態 16
    '-'         偏移，並進入狀態 17
    '!'         偏移，並進入狀態 18

    Expression      進入狀態 141
    AA              進入狀態 23
    BB              進入狀態 24
    CC              進入狀態 25
    DD              進入狀態 26
    EE              進入狀態 27
    UnaryExpr       進入狀態 28
    unary_op        進入狀態 29
    PrimaryExpr     進入狀態 30
    Operand         進入狀態 31
    Literal         進入狀態 32
    IndexExpr       進入狀態 33
    ConversionExpr  進入狀態 34


狀態 132

   66 DeclarationStmt: Type IDENT $@2 LBRACK . Expression RBRACK SEMICOLON

    LPAREN      偏移，並進入狀態 5
    IDENT       偏移，並進入狀態 49
    INT_LIT     偏移，並進入狀態 12
    FLOAT_LIT   偏移，並進入狀態 13
    STRING_LIT  偏移，並進入狀態 14
    BOOL_LIT    偏移，並進入狀態 15
    '+'         偏移，並進入狀態 16
    '-'         偏移，並進入狀態 17
    '!'         偏移，並進入狀態 18

    Expression      進入狀態 142
    AA              進入狀態 23
    BB              進入狀態 24
    CC              進入狀態 25
    DD              進入狀態 26
    EE              進入狀態 27
    UnaryExpr       進入狀態 28
    unary_op        進入狀態 29
    PrimaryExpr     進入狀態 30
    Operand         進入狀態 31
    Literal         進入狀態 32
    IndexExpr       進入狀態 33
    ConversionExpr  進入狀態 34


狀態 133

   44 IndexExpr: PrimaryExpr LBRACK Expression RBRACK .

    $default  使用規則 44 以縮減 (IndexExpr)


狀態 134

   80 Block: LBRACE $@3 StatementList $@4 RBRACE .

    $default  使用規則 80 以縮減 (Block)


狀態 135

   85 IfStmt: IF Condition Block ELSE Block .

    $default  使用規則 85 以縮減 (IfStmt)


狀態 136

   84 IfStmt: IF Condition Block ELSE IfStmt .

    $default  使用規則 84 以縮減 (IfStmt)


狀態 137

   88 ForStmt: FOR LPAREN ForClause RPAREN Block .

    $default  使用規則 88 以縮減 (ForStmt)


狀態 138

   89 ForClause: InitStmt SEMICOLON Condition . SEMICOLON PostStmt

    SEMICOLON  偏移，並進入狀態 143


狀態 139

   87 WhileStmt: WHILE LPAREN Condition RPAREN Block .

    $default  使用規則 87 以縮減 (WhileStmt)


狀態 140

   95 PrintStmt: PRINT LPAREN Expression RPAREN SEMICOLON .

    $default  使用規則 95 以縮減 (PrintStmt)


狀態 141

    7 Expression: Expression . OR AA
   63 DeclarationStmt: Type IDENT $@1 '=' Expression . SEMICOLON

    SEMICOLON  偏移，並進入狀態 144
    OR         偏移，並進入狀態 72


狀態 142

    7 Expression: Expression . OR AA
   66 DeclarationStmt: Type IDENT $@2 LBRACK Expression . RBRACK SEMICOLON

    OR      偏移，並進入狀態 72
    RBRACK  偏移，並進入狀態 145


狀態 143

   89 ForClause: InitStmt SEMICOLON Condition SEMICOLON . PostStmt

    LPAREN      偏移，並進入狀態 5
    IDENT       偏移，並進入狀態 49
    INT_LIT     偏移，並進入狀態 12
    FLOAT_LIT   偏移，並進入狀態 13
    STRING_LIT  偏移，並進入狀態 14
    BOOL_LIT    偏移，並進入狀態 15
    '+'         偏移，並進入狀態 16
    '-'         偏移，並進入狀態 17
    '!'         偏移，並進入狀態 18

    Expression      進入狀態 100
    AA              進入狀態 23
    BB              進入狀態 24
    CC              進入狀態 25
    DD              進入狀態 26
    EE              進入狀態 27
    UnaryExpr       進入狀態 28
    unary_op        進入狀態 29
    PrimaryExpr     進入狀態 30
    Operand         進入狀態 31
    Literal         進入狀態 32
    IndexExpr       進入狀態 33
    ConversionExpr  進入狀態 34
    AssignmetExpr   進入狀態 101
    IncDecExpr      進入狀態 102
    PostStmt        進入狀態 146
    SimpleExpr      進入狀態 147


狀態 144

   63 DeclarationStmt: Type IDENT $@1 '=' Expression SEMICOLON .

    $default  使用規則 63 以縮減 (DeclarationStmt)


狀態 145

   66 DeclarationStmt: Type IDENT $@2 LBRACK Expression RBRACK . SEMICOLON

    SEMICOLON  偏移，並進入狀態 148


狀態 146

   89 ForClause: InitStmt SEMICOLON Condition SEMICOLON PostStmt .

    $default  使用規則 89 以縮減 (ForClause)


狀態 147

   91 PostStmt: SimpleExpr .

    $default  使用規則 91 以縮減 (PostStmt)


狀態 148

   66 DeclarationStmt: Type IDENT $@2 LBRACK Expression RBRACK SEMICOLON .

    $default  使用規則 66 以縮減 (DeclarationStmt)
